<?xml version="1.0" encoding="UTF-8"?>
<TestRun id="57dccab5-9462-4974-8e19-3f7cfa53920c" name="chen@CHEN-5DA849B0B8 2014-10-08 16:50:28" runUser="CHEN-5DA849B0B8\chen" xmlns="http://microsoft.com/schemas/VisualStudio/TeamTest/2010">
  <TestSettings name="Default Test Settings" id="75741f12-9cb9-4417-8896-b1604364962e">
    <Execution>
      <TestTypeSpecific />
      <AgentRule name="Execution Agents">
      </AgentRule>
    </Execution>
    <Deployment runDeploymentRoot="chen_CHEN-5DA849B0B8 2014-10-08 16_50_28" />
  </TestSettings>
  <Times creation="2014-10-08T16:50:28.2286778+03:00" queuing="2014-10-08T16:50:28.3989226+03:00" start="2014-10-08T16:50:28.6693114+03:00" finish="2014-10-08T16:50:29.6807658+03:00" />
  <ResultSummary outcome="Failed">
    <Counters total="12" executed="12" passed="8" error="0" failed="4" timeout="0" aborted="0" inconclusive="0" passedButRunAborted="0" notRunnable="0" notExecuted="0" disconnected="0" warning="0" completed="0" inProgress="0" pending="0" />
  </ResultSummary>
  <TestDefinitions>
    <UnitTest name="UnexpectedException" storage="c:\documents and settings\chen\mstestallureadapter\sampletestingproject\bin\debug\sampletestingproject.dll" id="d674ff52-3f70-f86a-175f-82b808dbb7f4">
      <Owners>
        <Owner name="Owner2" />
      </Owners>
      <Execution id="a14f159d-52eb-462f-a619-4d2d162b4faa" />
      <TestMethod codeBase="C:/Documents and Settings/chen/MSTestAllureAdapter/SampleTestingProject/bin/Debug/SampleTestingProject.DLL" adapterTypeName="Microsoft.VisualStudio.TestTools.TestTypes.Unit.UnitTestAdapter, Microsoft.VisualStudio.QualityTools.Tips.UnitTest.Adapter, Version=10.0.0.0, Culture=neutral, PublicKeyToken=b03f5f7f11d50a3a" className="SampleTestingProject.UnitTest1, SampleTestingProject, Version=1.0.0.0, Culture=neutral, PublicKeyToken=null" name="UnexpectedException" />
    </UnitTest>
    <UnitTest name="ExpectedExceptionWithNoExceptionMessage" storage="c:\documents and settings\chen\mstestallureadapter\sampletestingproject\bin\debug\sampletestingproject.dll" id="526e1b3d-753a-43d5-48f2-d10e51871ff5">
      <Owners>
        <Owner name="Owner2" />
      </Owners>
      <Execution id="0a1ad9ca-3c93-421b-942a-d1c6a9696474" />
      <TestMethod codeBase="C:/Documents and Settings/chen/MSTestAllureAdapter/SampleTestingProject/bin/Debug/SampleTestingProject.DLL" adapterTypeName="Microsoft.VisualStudio.TestTools.TestTypes.Unit.UnitTestAdapter, Microsoft.VisualStudio.QualityTools.Tips.UnitTest.Adapter, Version=10.0.0.0, Culture=neutral, PublicKeyToken=b03f5f7f11d50a3a" className="SampleTestingProject.UnitTest1, SampleTestingProject, Version=1.0.0.0, Culture=neutral, PublicKeyToken=null" name="ExpectedExceptionWithNoExceptionMessage" />
    </UnitTest>
    <UnitTest name="TestMethod3" storage="c:\documents and settings\chen\mstestallureadapter\sampletestingproject\bin\debug\sampletestingproject.dll" id="45580bf9-196c-8a24-b157-8ffbe57ed5b7">
      <Owners>
        <Owner name="Owner1" />
      </Owners>
      <TestCategory>
        <TestCategoryItem TestCategory="Category2" />
      </TestCategory>
      <Execution id="b6317505-8b18-45cd-a905-c2f9c7898823" />
      <TestMethod codeBase="C:/Documents and Settings/chen/MSTestAllureAdapter/SampleTestingProject/bin/Debug/SampleTestingProject.DLL" adapterTypeName="Microsoft.VisualStudio.TestTools.TestTypes.Unit.UnitTestAdapter, Microsoft.VisualStudio.QualityTools.Tips.UnitTest.Adapter, Version=10.0.0.0, Culture=neutral, PublicKeyToken=b03f5f7f11d50a3a" className="SampleTestingProject.UnitTest1, SampleTestingProject, Version=1.0.0.0, Culture=neutral, PublicKeyToken=null" name="TestMethod3" />
    </UnitTest>
    <UnitTest name="SimpleFailingTest" storage="c:\documents and settings\chen\mstestallureadapter\sampletestingproject\bin\debug\sampletestingproject.dll" id="37767e2b-ed05-6fcc-1743-b47b28543eff">
      <Execution id="31cf1208-18b1-4d8e-b4ea-da464011840d" />
      <TestMethod codeBase="C:/Documents and Settings/chen/MSTestAllureAdapter/SampleTestingProject/bin/Debug/SampleTestingProject.DLL" adapterTypeName="Microsoft.VisualStudio.TestTools.TestTypes.Unit.UnitTestAdapter, Microsoft.VisualStudio.QualityTools.Tips.UnitTest.Adapter, Version=10.0.0.0, Culture=neutral, PublicKeyToken=b03f5f7f11d50a3a" className="SampleTestingProject.UnitTest1, SampleTestingProject, Version=1.0.0.0, Culture=neutral, PublicKeyToken=null" name="SimpleFailingTest" />
    </UnitTest>
    <UnitTest name="CSVdataDrivenTest" storage="c:\documents and settings\chen\mstestallureadapter\sampletestingproject\bin\debug\sampletestingproject.dll" id="e5f568ed-0e68-9d9c-05cd-bed630f97126">
      <Owners>
        <Owner name="Owner3" />
      </Owners>
      <TestCategory>
        <TestCategoryItem TestCategory="Category3" />
      </TestCategory>
      <DeploymentItems>
        <DeploymentItem filename="UserData.csv" />
      </DeploymentItems>
      <Execution id="2a41954c-5273-4844-ada4-adc43d0f3043" />
      <TestMethod codeBase="C:/Documents and Settings/chen/MSTestAllureAdapter/SampleTestingProject/bin/Debug/SampleTestingProject.DLL" adapterTypeName="Microsoft.VisualStudio.TestTools.TestTypes.Unit.UnitTestAdapter, Microsoft.VisualStudio.QualityTools.Tips.UnitTest.Adapter, Version=10.0.0.0, Culture=neutral, PublicKeyToken=b03f5f7f11d50a3a" className="SampleTestingProject.UnitTest1, SampleTestingProject, Version=1.0.0.0, Culture=neutral, PublicKeyToken=null" name="CSVdataDrivenTest" />
      <DataSource connectionString="Provider=Microsoft.Jet.OLEDB.4.0;Data Source='|DataDirectory|';Extended Properties=&quot;text;HDR=Yes;FMT=Delimited&quot;" providerInvariantName="System.Data.OleDb" tableName="UserData#csv" />
    </UnitTest>
    <UnitTest name="Test_Without_Category" storage="c:\documents and settings\chen\mstestallureadapter\sampletestingproject\bin\debug\sampletestingproject.dll" id="1a397e66-843f-85e6-a2bc-c6770c860df9">
      <Execution id="4bcdefd6-3651-4a35-9c42-ed35e3e44e0c" />
      <TestMethod codeBase="C:/Documents and Settings/chen/MSTestAllureAdapter/SampleTestingProject/bin/Debug/SampleTestingProject.DLL" adapterTypeName="Microsoft.VisualStudio.TestTools.TestTypes.Unit.UnitTestAdapter, Microsoft.VisualStudio.QualityTools.Tips.UnitTest.Adapter, Version=10.0.0.0, Culture=neutral, PublicKeyToken=b03f5f7f11d50a3a" className="SampleTestingProject.UnitTest1, SampleTestingProject, Version=1.0.0.0, Culture=neutral, PublicKeyToken=null" name="Test_Without_Category" />
    </UnitTest>
    <UnitTest name="TestMethod1" storage="c:\documents and settings\chen\mstestallureadapter\sampletestingproject\bin\debug\sampletestingproject.dll" id="1355d0e5-4bac-c245-d7ad-af9f0f4d2e03">
      <Owners>
        <Owner name="Owner1" />
      </Owners>
      <TestCategory>
        <TestCategoryItem TestCategory="Category1" />
      </TestCategory>
      <Execution id="a45aa2bc-46a7-4424-8532-2f4824d35094" />
      <TestMethod codeBase="C:/Documents and Settings/chen/MSTestAllureAdapter/SampleTestingProject/bin/Debug/SampleTestingProject.DLL" adapterTypeName="Microsoft.VisualStudio.TestTools.TestTypes.Unit.UnitTestAdapter, Microsoft.VisualStudio.QualityTools.Tips.UnitTest.Adapter, Version=10.0.0.0, Culture=neutral, PublicKeyToken=b03f5f7f11d50a3a" className="SampleTestingProject.UnitTest1, SampleTestingProject, Version=1.0.0.0, Culture=neutral, PublicKeyToken=null" name="TestMethod1" />
    </UnitTest>
    <UnitTest name="TestMethod2" storage="c:\documents and settings\chen\mstestallureadapter\sampletestingproject\bin\debug\sampletestingproject.dll" id="a2fb4c92-911b-2d47-f297-5f446c1ae75e">
      <Owners>
        <Owner name="Owner1" />
      </Owners>
      <TestCategory>
        <TestCategoryItem TestCategory="Category2" />
        <TestCategoryItem TestCategory="Category1" />
      </TestCategory>
      <Execution id="e02037e4-eeec-4c6d-9bac-ec3a65710a98" />
      <TestMethod codeBase="C:/Documents and Settings/chen/MSTestAllureAdapter/SampleTestingProject/bin/Debug/SampleTestingProject.DLL" adapterTypeName="Microsoft.VisualStudio.TestTools.TestTypes.Unit.UnitTestAdapter, Microsoft.VisualStudio.QualityTools.Tips.UnitTest.Adapter, Version=10.0.0.0, Culture=neutral, PublicKeyToken=b03f5f7f11d50a3a" className="SampleTestingProject.UnitTest1, SampleTestingProject, Version=1.0.0.0, Culture=neutral, PublicKeyToken=null" name="TestMethod2" />
    </UnitTest>
    <UnitTest name="ExpectedException" storage="c:\documents and settings\chen\mstestallureadapter\sampletestingproject\bin\debug\sampletestingproject.dll" id="0d2325b1-3073-18e7-d060-dc4d5ce5a01f">
      <Execution id="d84f3158-c74e-4770-a0cf-65236ae0e7ef" />
      <TestMethod codeBase="C:/Documents and Settings/chen/MSTestAllureAdapter/SampleTestingProject/bin/Debug/SampleTestingProject.DLL" adapterTypeName="Microsoft.VisualStudio.TestTools.TestTypes.Unit.UnitTestAdapter, Microsoft.VisualStudio.QualityTools.Tips.UnitTest.Adapter, Version=10.0.0.0, Culture=neutral, PublicKeyToken=b03f5f7f11d50a3a" className="SampleTestingProject.UnitTest1, SampleTestingProject, Version=1.0.0.0, Culture=neutral, PublicKeyToken=null" name="ExpectedException" />
    </UnitTest>
  </TestDefinitions>
  <TestLists>
    <TestList name="Results Not in a List" id="8c84fa94-04c1-424b-9868-57a2d4851a1d" />
    <TestList name="All Loaded Results" id="19431567-8539-422a-85d7-44ee4e166bda" />
  </TestLists>
  <TestEntries>
    <TestEntry testId="1355d0e5-4bac-c245-d7ad-af9f0f4d2e03" executionId="a45aa2bc-46a7-4424-8532-2f4824d35094" testListId="8c84fa94-04c1-424b-9868-57a2d4851a1d" />
    <TestEntry testId="a2fb4c92-911b-2d47-f297-5f446c1ae75e" executionId="e02037e4-eeec-4c6d-9bac-ec3a65710a98" testListId="8c84fa94-04c1-424b-9868-57a2d4851a1d" />
    <TestEntry testId="45580bf9-196c-8a24-b157-8ffbe57ed5b7" executionId="b6317505-8b18-45cd-a905-c2f9c7898823" testListId="8c84fa94-04c1-424b-9868-57a2d4851a1d" />
    <TestEntry testId="1a397e66-843f-85e6-a2bc-c6770c860df9" executionId="4bcdefd6-3651-4a35-9c42-ed35e3e44e0c" testListId="8c84fa94-04c1-424b-9868-57a2d4851a1d" />
    <TestEntry testId="37767e2b-ed05-6fcc-1743-b47b28543eff" executionId="31cf1208-18b1-4d8e-b4ea-da464011840d" testListId="8c84fa94-04c1-424b-9868-57a2d4851a1d" />
    <TestEntry testId="0d2325b1-3073-18e7-d060-dc4d5ce5a01f" executionId="d84f3158-c74e-4770-a0cf-65236ae0e7ef" testListId="8c84fa94-04c1-424b-9868-57a2d4851a1d" />
    <TestEntry testId="526e1b3d-753a-43d5-48f2-d10e51871ff5" executionId="0a1ad9ca-3c93-421b-942a-d1c6a9696474" testListId="8c84fa94-04c1-424b-9868-57a2d4851a1d" />
    <TestEntry testId="d674ff52-3f70-f86a-175f-82b808dbb7f4" executionId="a14f159d-52eb-462f-a619-4d2d162b4faa" testListId="8c84fa94-04c1-424b-9868-57a2d4851a1d" />
    <TestEntry testId="e5f568ed-0e68-9d9c-05cd-bed630f97126" executionId="2a41954c-5273-4844-ada4-adc43d0f3043" testListId="8c84fa94-04c1-424b-9868-57a2d4851a1d" />
  </TestEntries>
  <Results>
    <UnitTestResult executionId="a45aa2bc-46a7-4424-8532-2f4824d35094" testId="1355d0e5-4bac-c245-d7ad-af9f0f4d2e03" testName="TestMethod1" computerName="CHEN-5DA849B0B8" duration="00:00:00.0203199" startTime="2014-10-08T16:50:28.7394122+03:00" endTime="2014-10-08T16:50:29.1299738+03:00" testType="13cdc9d9-ddb5-4fa4-a97d-d965ccfc6d4b" outcome="Passed" testListId="8c84fa94-04c1-424b-9868-57a2d4851a1d" relativeResultsDirectory="a45aa2bc-46a7-4424-8532-2f4824d35094">
    </UnitTestResult>
    <UnitTestResult executionId="e02037e4-eeec-4c6d-9bac-ec3a65710a98" testId="a2fb4c92-911b-2d47-f297-5f446c1ae75e" testName="TestMethod2" computerName="CHEN-5DA849B0B8" duration="00:00:00.0004056" startTime="2014-10-08T16:50:29.1299738+03:00" endTime="2014-10-08T16:50:29.1399882+03:00" testType="13cdc9d9-ddb5-4fa4-a97d-d965ccfc6d4b" outcome="Passed" testListId="8c84fa94-04c1-424b-9868-57a2d4851a1d" relativeResultsDirectory="e02037e4-eeec-4c6d-9bac-ec3a65710a98">
    </UnitTestResult>
    <UnitTestResult executionId="b6317505-8b18-45cd-a905-c2f9c7898823" testId="45580bf9-196c-8a24-b157-8ffbe57ed5b7" testName="TestMethod3" computerName="CHEN-5DA849B0B8" duration="00:00:00.0003899" startTime="2014-10-08T16:50:29.1500026+03:00" endTime="2014-10-08T16:50:29.1700314+03:00" testType="13cdc9d9-ddb5-4fa4-a97d-d965ccfc6d4b" outcome="Passed" testListId="8c84fa94-04c1-424b-9868-57a2d4851a1d" relativeResultsDirectory="b6317505-8b18-45cd-a905-c2f9c7898823">
    </UnitTestResult>
    <UnitTestResult executionId="4bcdefd6-3651-4a35-9c42-ed35e3e44e0c" testId="1a397e66-843f-85e6-a2bc-c6770c860df9" testName="Test_Without_Category" computerName="CHEN-5DA849B0B8" duration="00:00:00.0051232" startTime="2014-10-08T16:50:29.1700314+03:00" endTime="2014-10-08T16:50:29.1800458+03:00" testType="13cdc9d9-ddb5-4fa4-a97d-d965ccfc6d4b" outcome="Passed" testListId="8c84fa94-04c1-424b-9868-57a2d4851a1d" relativeResultsDirectory="4bcdefd6-3651-4a35-9c42-ed35e3e44e0c">
    </UnitTestResult>
    <UnitTestResult executionId="31cf1208-18b1-4d8e-b4ea-da464011840d" testId="37767e2b-ed05-6fcc-1743-b47b28543eff" testName="SimpleFailingTest" computerName="CHEN-5DA849B0B8" duration="00:00:00.0229953" startTime="2014-10-08T16:50:29.1900602+03:00" endTime="2014-10-08T16:50:29.2100890+03:00" testType="13cdc9d9-ddb5-4fa4-a97d-d965ccfc6d4b" outcome="Failed" testListId="8c84fa94-04c1-424b-9868-57a2d4851a1d" relativeResultsDirectory="31cf1208-18b1-4d8e-b4ea-da464011840d">
      <Output>
        <ErrorInfo>
          <Message>Assert.AreEqual failed. Expected:&lt;1&gt;. Actual:&lt;2&gt;. The calculation failed.</Message>
          <StackTrace>   at SampleTestingProject.UnitTest1.SimpleFailingTest() in C:\Documents and Settings\chen\MSTestAllureAdapter\SampleTestingProject\UnitTest1.cs:line 43
</StackTrace>
        </ErrorInfo>
      </Output>
    </UnitTestResult>
    <UnitTestResult executionId="d84f3158-c74e-4770-a0cf-65236ae0e7ef" testId="0d2325b1-3073-18e7-d060-dc4d5ce5a01f" testName="ExpectedException" computerName="CHEN-5DA849B0B8" duration="00:00:00.0096204" startTime="2014-10-08T16:50:29.2201034+03:00" endTime="2014-10-08T16:50:29.2301178+03:00" testType="13cdc9d9-ddb5-4fa4-a97d-d965ccfc6d4b" outcome="Passed" testListId="8c84fa94-04c1-424b-9868-57a2d4851a1d" relativeResultsDirectory="d84f3158-c74e-4770-a0cf-65236ae0e7ef">
    </UnitTestResult>
    <UnitTestResult executionId="0a1ad9ca-3c93-421b-942a-d1c6a9696474" testId="526e1b3d-753a-43d5-48f2-d10e51871ff5" testName="ExpectedExceptionWithNoExceptionMessage" computerName="CHEN-5DA849B0B8" duration="00:00:00.0074246" startTime="2014-10-08T16:50:29.2401322+03:00" endTime="2014-10-08T16:50:29.2501466+03:00" testType="13cdc9d9-ddb5-4fa4-a97d-d965ccfc6d4b" outcome="Passed" testListId="8c84fa94-04c1-424b-9868-57a2d4851a1d" relativeResultsDirectory="0a1ad9ca-3c93-421b-942a-d1c6a9696474">
    </UnitTestResult>
    <UnitTestResult executionId="a14f159d-52eb-462f-a619-4d2d162b4faa" testId="d674ff52-3f70-f86a-175f-82b808dbb7f4" testName="UnexpectedException" computerName="CHEN-5DA849B0B8" duration="00:00:00.0099512" startTime="2014-10-08T16:50:29.2601610+03:00" endTime="2014-10-08T16:50:29.2701754+03:00" testType="13cdc9d9-ddb5-4fa4-a97d-d965ccfc6d4b" outcome="Failed" testListId="8c84fa94-04c1-424b-9868-57a2d4851a1d" relativeResultsDirectory="a14f159d-52eb-462f-a619-4d2d162b4faa">
      <Output>
        <ErrorInfo>
          <Message>Test method SampleTestingProject.UnitTest1.UnexpectedException threw exception: 
System.Exception: Exception of type 'System.Exception' was thrown.</Message>
          <StackTrace>    at SampleTestingProject.UnitTest1.UnexpectedException() in C:\Documents and Settings\chen\MSTestAllureAdapter\SampleTestingProject\UnitTest1.cs:line 65
</StackTrace>
        </ErrorInfo>
      </Output>
    </UnitTestResult>
    <UnitTestResult executionId="2a41954c-5273-4844-ada4-adc43d0f3043" testId="e5f568ed-0e68-9d9c-05cd-bed630f97126" testName="CSVdataDrivenTest" computerName="CHEN-5DA849B0B8" duration="00:00:00.1377454" startTime="2014-10-08T16:50:29.2701754+03:00" endTime="2014-10-08T16:50:29.4304058+03:00" testType="13cdc9d9-ddb5-4fa4-a97d-d965ccfc6d4b" outcome="Failed" testListId="8c84fa94-04c1-424b-9868-57a2d4851a1d" relativeResultsDirectory="2a41954c-5273-4844-ada4-adc43d0f3043" resultType="DataDrivenTest">
      <Counters error="0" failed="1" timeout="0" aborted="0" inconclusive="0" passedButRunAborted="0" notRunnable="0" notExecuted="0" disconnected="0" warning="0" passed="2" completed="0" inProgress="0" pending="0" />
      <InnerResults>
        <UnitTestResult executionId="1f6cccd2-e261-4f5a-9cea-a17bf9fb9acf" parentExecutionId="2a41954c-5273-4844-ada4-adc43d0f3043" testId="e5f568ed-0e68-9d9c-05cd-bed630f97126" testName="CSVdataDrivenTest" computerName="CHEN-5DA849B0B8" duration="00:00:00.0012395" startTime="2014-10-08T16:50:29.4003626+03:00" endTime="2014-10-08T16:50:29.4003626+03:00" testType="13cdc9d9-ddb5-4fa4-a97d-d965ccfc6d4b" outcome="Passed" testListId="8c84fa94-04c1-424b-9868-57a2d4851a1d" relativeResultsDirectory="2a41954c-5273-4844-ada4-adc43d0f3043" dataRowInfo="0" resultType="DataDrivenDataRow" />
        <UnitTestResult executionId="9516d2bb-5752-4bcd-bb24-02f229bb94e2" parentExecutionId="2a41954c-5273-4844-ada4-adc43d0f3043" testId="e5f568ed-0e68-9d9c-05cd-bed630f97126" testName="CSVdataDrivenTest" computerName="CHEN-5DA849B0B8" duration="00:00:00.0000553" startTime="2014-10-08T16:50:29.4003626+03:00" endTime="2014-10-08T16:50:29.4003626+03:00" testType="13cdc9d9-ddb5-4fa4-a97d-d965ccfc6d4b" outcome="Passed" testListId="8c84fa94-04c1-424b-9868-57a2d4851a1d" relativeResultsDirectory="2a41954c-5273-4844-ada4-adc43d0f3043" dataRowInfo="1" resultType="DataDrivenDataRow" />
        <UnitTestResult executionId="25455914-b062-4373-9140-012bd6928532" parentExecutionId="2a41954c-5273-4844-ada4-adc43d0f3043" testId="e5f568ed-0e68-9d9c-05cd-bed630f97126" testName="CSVdataDrivenTest" computerName="CHEN-5DA849B0B8" duration="00:00:00.0039197" startTime="2014-10-08T16:50:29.4003626+03:00" endTime="2014-10-08T16:50:29.4003626+03:00" testType="13cdc9d9-ddb5-4fa4-a97d-d965ccfc6d4b" outcome="Failed" testListId="8c84fa94-04c1-424b-9868-57a2d4851a1d" relativeResultsDirectory="2a41954c-5273-4844-ada4-adc43d0f3043" dataRowInfo="2" resultType="DataDrivenDataRow">
          <Output>
            <ErrorInfo>
              <Message>Test method SampleTestingProject.UnitTest1.CSVdataDrivenTest threw exception: 
System.DivideByZeroException: Attempted to divide by zero.</Message>
              <StackTrace>    at SampleTestingProject.UnitTest1.CSVdataDrivenTest() in C:\Documents and Settings\chen\MSTestAllureAdapter\SampleTestingProject\UnitTest1.cs:line 87
</StackTrace>
            </ErrorInfo>
          </Output>
        </UnitTestResult>
      </InnerResults>
    </UnitTestResult>
  </Results>
</TestRun>